<?xml version="1.0" encoding="UTF-8"?>
<!-- Generated by org.testng.reporters.JUnitReportReporter -->
<testsuite hostname="Nayana" failures="0" tests="1" name="com.obsqura.seleniumproject.AnnotationEg2" time="0.009" errors="0" timestamp="2025-03-09T16:36:44 IST" skipped="0">
  <testcase classname="com.obsqura.seleniumproject.AnnotationEg2" name="print" time="0.009"/>
</testsuite> <!-- com.obsqura.seleniumproject.AnnotationEg2 -->
