<?xml version="1.0" encoding="UTF-8"?>
<!-- Generated by org.testng.reporters.JUnitReportReporter -->
<testsuite hostname="Nayana" failures="0" tests="2" name="com.obsqura.seleniumproject.NewTest" time="0.018" errors="0" timestamp="2025-03-07T06:15:16 IST" skipped="0">
  <testcase classname="com.obsqura.seleniumproject.NewTest" name="sample2" time="0.017"/>
  <testcase classname="com.obsqura.seleniumproject.NewTest" name="sample" time="0.001"/>
</testsuite> <!-- com.obsqura.seleniumproject.NewTest -->
