<?xml version="1.0" encoding="UTF-8"?>
<!-- Generated by org.testng.reporters.JUnitReportReporter -->
<testsuite hostname="Nayana" failures="0" tests="2" name="com.obsqura.seleniumproject.AnnotationsEg" time="0.019" errors="0" timestamp="2025-03-07T21:20:33 IST" skipped="0">
  <testcase classname="com.obsqura.seleniumproject.AnnotationsEg" name="demo" time="0.010"/>
  <testcase classname="com.obsqura.seleniumproject.AnnotationsEg" name="print" time="0.009"/>
</testsuite> <!-- com.obsqura.seleniumproject.AnnotationsEg -->
