<?xml version="1.0" encoding="UTF-8"?>
<!-- Generated by org.testng.reporters.JUnitReportReporter -->
<testsuite hostname="Nayana" failures="0" tests="1" name="com.obsqura.seleniumproject.JavascriptexcecuterEg" time="4.756" errors="0" timestamp="2025-03-10T15:51:51 IST" skipped="0">
  <testcase classname="com.obsqura.seleniumproject.JavascriptexcecuterEg" name="scroljavascriptexcecuter" time="4.756"/>
</testsuite> <!-- com.obsqura.seleniumproject.JavascriptexcecuterEg -->
